0 info it worked if it ends with ok
1 verbose cli [ 'C:\\Program Files\\nodejs\\node.exe',
1 verbose cli   'C:\\Program Files\\nodejs\\node_modules\\npm\\bin\\npm-cli.js',
1 verbose cli   'run',
1 verbose cli   'gh' ]
2 info using npm@4.0.5
3 info using node@v7.4.0
4 verbose run-script [ 'pregh', 'gh', 'postgh' ]
5 info lifecycle @~pregh: @
6 silly lifecycle @~pregh: no script for pregh, continuing
7 info lifecycle @~gh: @
8 verbose lifecycle @~gh: unsafe-perm in lifecycle true
9 verbose lifecycle @~gh: PATH: C:\Program Files\nodejs\node_modules\npm\bin\node-gyp-bin;E:\JS7\hw-js-12.1-carousel.github.io\node_modules\.bin;C:\ProgramData\Oracle\Java\javapath;C:\WINDOWS\system32;C:\WINDOWS;C:\WINDOWS\System32\Wbem;C:\WINDOWS\System32\WindowsPowerShell\v1.0\;C:\Program Files\Git\cmd;C:\Program Files\nodejs\;C:\Program Files (x86)\PuTTY\;C:\Program Files\OpenSSH\bin;C:\wamp64\bin\php\php7.0.10;C:\composer;C:\Program Files\dotnet\;C:\Program Files\Microsoft SQL Server\130\Tools\Binn\;C:\Ruby23-x64\bin;C:\mongodb\Server\3.4\bin;C:\Users\nafalin\AppData\Roaming\npm;C:\Users\nafalin\AppData\Local\Microsoft\WindowsApps;C:\Users\nafalin\AppData\Roaming\Composer\vendor\bin;
10 verbose lifecycle @~gh: CWD: E:\JS7\hw-js-12.1-carousel.github.io
11 silly lifecycle @~gh: Args: [ '/d /s /c',
11 silly lifecycle   'git add dist && git commit -m \'Initial dist subtree commit\'' ]
12 silly lifecycle @~gh: Returned: code: 1  signal: null
13 info lifecycle @~gh: Failed to exec gh script
14 verbose stack Error: @ gh: `git add dist && git commit -m 'Initial dist subtree commit'`
14 verbose stack Exit status 1
14 verbose stack     at EventEmitter.<anonymous> (C:\Program Files\nodejs\node_modules\npm\lib\utils\lifecycle.js:279:16)
14 verbose stack     at emitTwo (events.js:106:13)
14 verbose stack     at EventEmitter.emit (events.js:191:7)
14 verbose stack     at ChildProcess.<anonymous> (C:\Program Files\nodejs\node_modules\npm\lib\utils\spawn.js:40:14)
14 verbose stack     at emitTwo (events.js:106:13)
14 verbose stack     at ChildProcess.emit (events.js:191:7)
14 verbose stack     at maybeClose (internal/child_process.js:885:16)
14 verbose stack     at Process.ChildProcess._handle.onexit (internal/child_process.js:226:5)
15 verbose pkgid @
16 verbose cwd E:\JS7\hw-js-12.1-carousel.github.io
17 error Windows_NT 10.0.16299
18 error argv "C:\\Program Files\\nodejs\\node.exe" "C:\\Program Files\\nodejs\\node_modules\\npm\\bin\\npm-cli.js" "run" "gh"
19 error node v7.4.0
20 error npm  v4.0.5
21 error code ELIFECYCLE
22 error @ gh: `git add dist && git commit -m 'Initial dist subtree commit'`
22 error Exit status 1
23 error Failed at the @ gh script 'git add dist && git commit -m 'Initial dist subtree commit''.
23 error Make sure you have the latest version of node.js and npm installed.
23 error If you do, this is most likely a problem with the  package,
23 error not with npm itself.
23 error Tell the author that this fails on your system:
23 error     git add dist && git commit -m 'Initial dist subtree commit'
23 error You can get information on how to open an issue for this project with:
23 error     npm bugs
23 error Or if that isn't available, you can get their info via:
23 error     npm owner ls
23 error There is likely additional logging output above.
24 verbose exit [ 1, true ]
